Unity Editor version:    2020.3.27f1 (e759542391ea)
Branch:                  2020.3/release
Build type:              Release
Batch mode:              YES
macOS version:           Version 11.7 (Build 20G817)
Darwin version:          20.6.0
Architecture:            x86_64
Running under Rosetta:   NO
Available memory:        16384 MB
Using pre-set license
Pro License: NO

COMMAND LINE ARGUMENTS:
/Users/game1/Downloads/2020.3.27f1/Unity.app/Contents/MacOS/Unity
-adb2
-batchMode
-noUpm
-name
AssetImportWorker0
-projectPath
/Users/game1/Ruby's Adventure
-logFile
Logs/AssetImportWorker0.log
-srvPort
52160
Successfully changed project path to: /Users/game1/Ruby's Adventure
/Users/game1/Ruby's Adventure
Using Asset Import Pipeline V2.
Refreshing native plugins compatible for Editor in 29.74 ms, found 2 plugins.
Preloading 0 native plugins for Editor in 0.00 ms.
Initialize engine version: 2020.3.27f1 (e759542391ea)
[Subsystems] Discovering subsystems at path /Users/game1/Downloads/2020.3.27f1/Unity.app/Contents/Resources/UnitySubsystems
[Subsystems] Discovering subsystems at path /Users/game1/Ruby's Adventure/Assets
GfxDevice: creating device client; threaded=0
2023-01-10 08:33:54.423 Unity[29012:1969211] iMac preferred device: AMD Radeon Pro 5500 XT (high power)
2023-01-10 08:33:54.423 Unity[29012:1969211] Metal devices available: 1
2023-01-10 08:33:54.423 Unity[29012:1969211] 0: AMD Radeon Pro 5500 XT (high power)
2023-01-10 08:33:54.423 Unity[29012:1969211] Using device AMD Radeon Pro 5500 XT (high power)
Initializing Metal device caps: AMD Radeon Pro 5500 XT
Initialize mono
Mono path[0] = '/Users/game1/Downloads/2020.3.27f1/Unity.app/Contents/Managed'
Mono path[1] = '/Users/game1/Downloads/2020.3.27f1/Unity.app/Contents/MonoBleedingEdge/lib/mono/unityjit'
Mono config path = '/Users/game1/Downloads/2020.3.27f1/Unity.app/Contents/MonoBleedingEdge/etc'
Using monoOptions --debugger-agent=transport=dt_socket,embedding=1,server=y,suspend=n,address=127.0.0.1:56012
Begin MonoManager ReloadAssembly
Registering precompiled unity dll's ...
Register platform support module: /Users/game1/Downloads/2020.3.27f1/Unity.app/Contents/PlaybackEngines/MacStandaloneSupport/UnityEditor.OSXStandalone.Extensions.dll
Registered in 0.000441 seconds.
Native extension for OSXStandalone target not found
Refreshing native plugins compatible for Editor in 24.86 ms, found 2 plugins.
Preloading 0 native plugins for Editor in 0.00 ms.
Mono: successfully reloaded assembly
- Completed reload, in  0.514 seconds
Domain Reload Profiling:
	ReloadAssembly (514ms)
		BeginReloadAssembly (38ms)
			ExecutionOrderSort (0ms)
			DisableScriptedObjects (0ms)
			BackupInstance (0ms)
			ReleaseScriptingObjects (0ms)
			CreateAndSetChildDomain (1ms)
		EndReloadAssembly (413ms)
			LoadAssemblies (37ms)
			RebuildTransferFunctionScriptingTraits (0ms)
			SetupTypeCache (154ms)
			ReleaseScriptCaches (0ms)
			RebuildScriptCaches (33ms)
			SetupLoadedEditorAssemblies (153ms)
				LogAssemblyErrors (0ms)
				InitializePlatformSupportModulesInManaged (4ms)
				SetLoadedEditorAssemblies (0ms)
				RefreshPlugins (25ms)
				BeforeProcessingInitializeOnLoad (9ms)
				ProcessInitializeOnLoadAttributes (90ms)
				ProcessInitializeOnLoadMethodAttributes (26ms)
				AfterProcessingInitializeOnLoad (0ms)
				EditorAssembliesLoaded (0ms)
			ExecutionOrderSort2 (0ms)
			AwakeInstancesAfterBackupRestoration (0ms)
Platform modules already initialized, skipping
Registering precompiled user dll's ...
Registered in 0.003129 seconds.
Begin MonoManager ReloadAssembly
Native extension for OSXStandalone target not found
Refreshing native plugins compatible for Editor in 0.30 ms, found 2 plugins.
Preloading 0 native plugins for Editor in 0.00 ms.
Mono: successfully reloaded assembly
- Completed reload, in  0.941 seconds
Domain Reload Profiling:
	ReloadAssembly (941ms)
		BeginReloadAssembly (131ms)
			ExecutionOrderSort (0ms)
			DisableScriptedObjects (4ms)
			BackupInstance (0ms)
			ReleaseScriptingObjects (0ms)
			CreateAndSetChildDomain (24ms)
		EndReloadAssembly (755ms)
			LoadAssemblies (78ms)
			RebuildTransferFunctionScriptingTraits (0ms)
			SetupTypeCache (280ms)
			ReleaseScriptCaches (0ms)
			RebuildScriptCaches (46ms)
			SetupLoadedEditorAssemblies (256ms)
				LogAssemblyErrors (0ms)
				InitializePlatformSupportModulesInManaged (4ms)
				SetLoadedEditorAssemblies (0ms)
				RefreshPlugins (0ms)
				BeforeProcessingInitializeOnLoad (58ms)
				ProcessInitializeOnLoadAttributes (180ms)
				ProcessInitializeOnLoadMethodAttributes (13ms)
				AfterProcessingInitializeOnLoad (1ms)
				EditorAssembliesLoaded (0ms)
			ExecutionOrderSort2 (0ms)
			AwakeInstancesAfterBackupRestoration (6ms)
Platform modules already initialized, skipping
Validating Project structure ... 0.001560 seconds.
Shader import version has changed; will reimport all shaders...
Upgrading shader files ...0.001820 seconds.
Application.AssetDatabase Initial Script Refresh Start
RefreshInfo: InitialScriptRefreshV2(NoUpdateAssetOptions) scanfilter:  ... 1 filters
RefreshProfiler: Total: 0.000ms
Application.AssetDatabase Initial Script Refresh End
Application.AssetDatabase.Refresh Start
Application.AssetDatabase.Refresh End
RefreshInfo: StopAssetImportingV2(ForceSynchronousImport) scanfilter: 
RefreshProfiler: Total: 0.000ms
Launching external process: /Users/game1/Downloads/2020.3.27f1/Unity.app/Contents/Tools/UnityShaderCompiler
Launched and connected shader compiler UnityShaderCompiler after 0.01 seconds
Initializing Unity extensions:
========================================================================
Worker process is ready to serve import requests
Refreshing native plugins compatible for Editor in 0.28 ms, found 2 plugins.
Preloading 0 native plugins for Editor in 0.00 ms.
Unloading 1593 Unused Serialized files (Serialized files now loaded: 0)
System memory in use before: 181.5 MB.
System memory in use after: 180.6 MB.

Unloading 91 unused Assets to reduce memory usage. Loaded Objects now: 2068.
Total: 2.525955 ms (FindLiveObjects: 0.116075 ms CreateObjectMapping: 0.044167 ms MarkObjects: 1.979756 ms  DeleteObjects: 0.385346 ms)

AssetImportParameters requested are different than current active one (requested -> active):
  custom:video-decoder-ogg-theora: a1e56fd34408186e4bbccfd4996cb3dc -> 
  custom:container-muxer-webm: aa71ff27fc2769a1b78a27578f13a17b -> 
  custom:container-demuxer-webm: 4f35f7cbe854078d1ac9338744f61a02 -> 
  custom:container-demuxer-ogg: 62fdf1f143b41e24485cea50d1cbac27 -> 
  custom:video-encoder-webm-vp8: eb34c28f22e8b96e1ab97ce403110664 -> 
  custom:framework-osx-AVFoundation: e770b220cccbd017edd2c1fefb359320 -> 
  custom:video-decoder-webm-vp8: 9c59270c3fd7afecdb556c50c9e8de78 -> 
  custom:audio-decoder-ogg-vorbis: bf7c407c2cedff20999df2af8eb42d56 -> 
  custom:audio-encoder-webm-vorbis: bf7c407c2cedff20999df2af8eb42d56 -> 
========================================================================
Received Import Request.
  path: Assets/Art/Animations/RobotLeft.anim
  artifactKey: Guid(66c07a833e7264ddfb2392db202801bb) Importer(815301076,1909f56bfc062723c751e8b465ee728b)
Start importing Assets/Art/Animations/RobotLeft.anim using Guid(66c07a833e7264ddfb2392db202801bb) Importer(815301076,1909f56bfc062723c751e8b465ee728b)  -> (artifact id: '44581027d161db6d8defcf228261568e') in 0.863032 seconds 
  Import took 0.868797 seconds .

========================================================================
Received Import Request.
  Time since last request: 2.264741 seconds.
  path: Assets/Art/Animations/Right_Run.anim
  artifactKey: Guid(6744c2954bb38483282abb6fa522ece5) Importer(815301076,1909f56bfc062723c751e8b465ee728b)
Start importing Assets/Art/Animations/Right_Run.anim using Guid(6744c2954bb38483282abb6fa522ece5) Importer(815301076,1909f56bfc062723c751e8b465ee728b)  -> (artifact id: '30dcab36ca3fb060386b5a65a27d067e') in 0.002029 seconds 
  Import took 0.004880 seconds .

========================================================================
Received Import Request.
  Time since last request: 5.380554 seconds.
  path: Assets/Art/Animations/Robot.controller
  artifactKey: Guid(e41065c24512248aa8e63d6a14ab8d8c) Importer(815301076,1909f56bfc062723c751e8b465ee728b)
Start importing Assets/Art/Animations/Robot.controller using Guid(e41065c24512248aa8e63d6a14ab8d8c) Importer(815301076,1909f56bfc062723c751e8b465ee728b)  -> (artifact id: '099e1c6d4ffe208628bd9183e34ee379') in 0.233275 seconds 
  Import took 0.238548 seconds .

========================================================================
Received Import Request.
  Time since last request: 99.886349 seconds.
  path: Assets/Art/Animations/Robot.anim
  artifactKey: Guid(6744c2954bb38483282abb6fa522ece5) Importer(815301076,1909f56bfc062723c751e8b465ee728b)
Start importing Assets/Art/Animations/Robot.anim using Guid(6744c2954bb38483282abb6fa522ece5) Importer(815301076,1909f56bfc062723c751e8b465ee728b)  -> (artifact id: '2adcaa70e57d529c8160dcd04cbef6f2') in 0.004375 seconds 
  Import took 0.007195 seconds .

========================================================================
Received Import Request.
  Time since last request: 21.319980 seconds.
  path: Assets/Art/Animations/RobotRight_Run.anim
  artifactKey: Guid(6744c2954bb38483282abb6fa522ece5) Importer(815301076,1909f56bfc062723c751e8b465ee728b)
Start importing Assets/Art/Animations/RobotRight_Run.anim using Guid(6744c2954bb38483282abb6fa522ece5) Importer(815301076,1909f56bfc062723c751e8b465ee728b)  -> (artifact id: '4d6c8df02895ebf42e4bd260f6639d6e') in 0.004431 seconds 
  Import took 0.007019 seconds .

========================================================================
Received Import Request.
  Time since last request: 11.502670 seconds.
  path: Assets/Art/Animations/RobotRight.anim
  artifactKey: Guid(6744c2954bb38483282abb6fa522ece5) Importer(815301076,1909f56bfc062723c751e8b465ee728b)
Start importing Assets/Art/Animations/RobotRight.anim using Guid(6744c2954bb38483282abb6fa522ece5) Importer(815301076,1909f56bfc062723c751e8b465ee728b)  -> (artifact id: 'd2089ccf6118e429ccd5350efb2335f9') in 0.004588 seconds 
  Import took 0.007130 seconds .

AssetImportWorkerClient::OnTransportError - code=2 error=End of file
